This is pdfTeX, Version 3.14159265-2.6-1.40.19 (TeX Live 2018/W32TeX) (preloaded format=pdflatex 2019.3.3)  14 JUL 2019 17:16
entering extended mode
 restricted \write18 enabled.
 %&-line parsing enabled.
**graph.tex
(./graph.tex
LaTeX2e <2018-04-01> patch level 2
Babel <3.18> and hyphenation patterns for 84 language(s) loaded.
(c:/usr/texlive/2018/texmf-dist/tex/latex/kotex-oblivoir/oblivoir.cls
Document Class: oblivoir 
(c:/usr/texlive/2018/texmf-dist/tex/latex/kotex-oblivoir/xoblivoir.cls
Document Class: xoblivoir 2015/07/27
(c:/usr/texlive/2018/texmf-dist/tex/latex/xkeyval/xkeyval.sty
Package: xkeyval 2014/12/03 v2.7a package option processing (HA)

(c:/usr/texlive/2018/texmf-dist/tex/generic/xkeyval/xkeyval.tex
(c:/usr/texlive/2018/texmf-dist/tex/generic/xkeyval/xkvutils.tex
\XKV@toks=\toks14
\XKV@tempa@toks=\toks15

(c:/usr/texlive/2018/texmf-dist/tex/generic/xkeyval/keyval.tex))
\XKV@depth=\count80
File: xkeyval.tex 2014/12/03 v2.7a key=value parser (HA)
))
(c:/usr/texlive/2018/texmf-dist/tex/generic/iftex/iftex.sty
Package: iftex 2013/04/04 v0.2 Provides if(tex) conditional for PDFTeX, XeTeX, 
and LuaTeX
)
(c:/usr/texlive/2018/texmf-dist/tex/latex/kotex-oblivoir/oblivoir-base.cls
Document Class: oblivoir-base 2015/10/19 v0.8.1 article-like class to typeset U
TF-8 korean using memoir.
\fa@setheight=\skip41
\fa@setwidth=\skip42
(c:/usr/texlive/2018/texmf-dist/tex/latex/l3packages/xparse/xparse.sty
(c:/usr/texlive/2018/texmf-dist/tex/latex/l3kernel/expl3.sty
Package: expl3 2018/03/05 L3 programming layer (loader) 

(c:/usr/texlive/2018/texmf-dist/tex/latex/l3kernel/expl3-code.tex
Package: expl3 2018/03/05 L3 programming layer (code)
\c_max_int=\count81
\l_tmpa_int=\count82
\l_tmpb_int=\count83
\g_tmpa_int=\count84
\g_tmpb_int=\count85
\g__intarray_font_int=\count86
\g__prg_map_int=\count87
\c_log_iow=\count88
\l_iow_line_count_int=\count89
\l__iow_line_target_int=\count90
\l__iow_one_indent_int=\count91
\l__iow_indent_int=\count92
\c_zero_dim=\dimen102
\c_max_dim=\dimen103
\l_tmpa_dim=\dimen104
\l_tmpb_dim=\dimen105
\g_tmpa_dim=\dimen106
\g_tmpb_dim=\dimen107
\c_zero_skip=\skip43
\c_max_skip=\skip44
\l_tmpa_skip=\skip45
\l_tmpb_skip=\skip46
\g_tmpa_skip=\skip47
\g_tmpb_skip=\skip48
\c_zero_muskip=\muskip10
\c_max_muskip=\muskip11
\l_tmpa_muskip=\muskip12
\l_tmpb_muskip=\muskip13
\g_tmpa_muskip=\muskip14
\g_tmpb_muskip=\muskip15
\l_keys_choice_int=\count93
\c__fp_leading_shift_int=\count94
\c__fp_middle_shift_int=\count95
\c__fp_trailing_shift_int=\count96
\c__fp_big_leading_shift_int=\count97
\c__fp_big_middle_shift_int=\count98
\c__fp_big_trailing_shift_int=\count99
\c__fp_Bigg_leading_shift_int=\count100
\c__fp_Bigg_middle_shift_int=\count101
\c__fp_Bigg_trailing_shift_int=\count102
\c__fp_rand_size_int=\count103
\c__fp_rand_four_int=\count104
\c__fp_rand_eight_int=\count105
\l__sort_length_int=\count106
\l__sort_min_int=\count107
\l__sort_top_int=\count108
\l__sort_max_int=\count109
\l__sort_true_max_int=\count110
\l__sort_block_int=\count111
\l__sort_begin_int=\count112
\l__sort_end_int=\count113
\l__sort_A_int=\count114
\l__sort_B_int=\count115
\l__sort_C_int=\count116
\l__tl_build_start_index_int=\count117
\l__tl_build_index_int=\count118
\l__tl_analysis_normal_int=\count119
\l__tl_analysis_index_int=\count120
\l__tl_analysis_nesting_int=\count121
\l__tl_analysis_type_int=\count122
\l__regex_internal_a_int=\count123
\l__regex_internal_b_int=\count124
\l__regex_internal_c_int=\count125
\l__regex_balance_int=\count126
\l__regex_group_level_int=\count127
\l__regex_mode_int=\count128
\c__regex_cs_in_class_mode_int=\count129
\c__regex_cs_mode_int=\count130
\l__regex_catcodes_int=\count131
\l__regex_default_catcodes_int=\count132
\c__regex_catcode_D_int=\count133
\c__regex_catcode_S_int=\count134
\c__regex_catcode_L_int=\count135
\c__regex_catcode_O_int=\count136
\c__regex_catcode_A_int=\count137
\c__regex_all_catcodes_int=\count138
\l__regex_show_lines_int=\count139
\l__regex_min_state_int=\count140
\l__regex_max_state_int=\count141
\l__regex_left_state_int=\count142
\l__regex_right_state_int=\count143
\l__regex_capturing_group_int=\count144
\l__regex_min_pos_int=\count145
\l__regex_max_pos_int=\count146
\l__regex_curr_pos_int=\count147
\l__regex_start_pos_int=\count148
\l__regex_success_pos_int=\count149
\l__regex_curr_char_int=\count150
\l__regex_curr_catcode_int=\count151
\l__regex_last_char_int=\count152
\l__regex_case_changed_char_int=\count153
\l__regex_curr_state_int=\count154
\l__regex_step_int=\count155
\l__regex_min_active_int=\count156
\l__regex_max_active_int=\count157
\l__regex_replacement_csnames_int=\count158
\l__regex_match_count_int=\count159
\l__regex_min_submatch_int=\count160
\l__regex_submatch_int=\count161
\l__regex_zeroth_submatch_int=\count162
\g__regex_trace_regex_int=\count163
\c_empty_box=\box26
\l_tmpa_box=\box27
\l_tmpb_box=\box28
\g_tmpa_box=\box29
\g_tmpb_box=\box30
\l__box_top_dim=\dimen108
\l__box_bottom_dim=\dimen109
\l__box_left_dim=\dimen110
\l__box_right_dim=\dimen111
\l__box_top_new_dim=\dimen112
\l__box_bottom_new_dim=\dimen113
\l__box_left_new_dim=\dimen114
\l__box_right_new_dim=\dimen115
\l__box_internal_box=\box31
\l__coffin_internal_box=\box32
\l__coffin_internal_dim=\dimen116
\l__coffin_offset_x_dim=\dimen117
\l__coffin_offset_y_dim=\dimen118
\l__coffin_x_dim=\dimen119
\l__coffin_y_dim=\dimen120
\l__coffin_x_prime_dim=\dimen121
\l__coffin_y_prime_dim=\dimen122
\c_empty_coffin=\box33
\l__coffin_aligned_coffin=\box34
\l__coffin_aligned_internal_coffin=\box35
\l_tmpa_coffin=\box36
\l_tmpb_coffin=\box37
\l__coffin_display_coffin=\box38
\l__coffin_display_coord_coffin=\box39
\l__coffin_display_pole_coffin=\box40
\l__coffin_display_offset_dim=\dimen123
\l__coffin_display_x_dim=\dimen124
\l__coffin_display_y_dim=\dimen125
\l__coffin_bounding_shift_dim=\dimen126
\l__coffin_left_corner_dim=\dimen127
\l__coffin_right_corner_dim=\dimen128
\l__coffin_bottom_corner_dim=\dimen129
\l__coffin_top_corner_dim=\dimen130
\l__coffin_scaled_total_height_dim=\dimen131
\l__coffin_scaled_width_dim=\dimen132
)
(c:/usr/texlive/2018/texmf-dist/tex/latex/l3kernel/l3pdfmode.def
File: l3pdfmode.def 2017/03/18 v L3 Experimental driver: PDF mode
\l__driver_color_stack_int=\count164
))
Package: xparse 2018/02/21 L3 Experimental document command parser
\l__xparse_current_arg_int=\count165
\g__xparse_grabber_int=\count166
\l__xparse_m_args_int=\count167
\l__xparse_mandatory_args_int=\count168
\l__xparse_v_nesting_int=\count169
)
(c:/usr/texlive/2018/texmf-dist/tex/latex/memoir/memoir.cls
Document Class: memoir 2018/04/04 v3.7g configurable book, report, article docu
ment class
\onelineskip=\skip49
\lxvchars=\skip50
\xlvchars=\skip51
\@memcnta=\count170
\c@@memmarkcntra=\count171
(c:/usr/texlive/2018/texmf-dist/tex/generic/oberdiek/ifpdf.sty
Package: ifpdf 2017/03/15 v3.2 Provides the ifpdf switch
)
(c:/usr/texlive/2018/texmf-dist/tex/latex/ifetex/ifetex.sty
Package: ifetex 2018/03/31 v1.2a ifetex

(c:/usr/texlive/2018/texmf-dist/tex/plain/ifetex/ifetex.tex))
(c:/usr/texlive/2018/texmf-dist/tex/generic/ifxetex/ifxetex.sty
Package: ifxetex 2010/09/12 v0.6 Provides ifxetex conditional
)
(c:/usr/texlive/2018/texmf-dist/tex/generic/oberdiek/ifluatex.sty
Package: ifluatex 2016/05/16 v1.4 Provides the ifluatex switch (HO)
Package ifluatex Info: LuaTeX not detected.
)
\stockheight=\skip52
\stockwidth=\skip53
\trimtop=\skip54
\trimedge=\skip55

(c:/usr/texlive/2018/texmf-dist/tex/latex/memoir/mem10.clo
File: mem10.clo 2008/01/30 v0.3 memoir class 10pt size option
)
\binding=\skip56
\spinemargin=\skip57
\foremargin=\skip58
\uppermargin=\skip59
\lowermargin=\skip60
\headdrop=\skip61
\normalrulethickness=\skip62
\mem@maxheadheight=\skip63
\mem@maxfootheight=\skip64
\headwidth=\skip65
\c@storedpagenumber=\count172
\memPD=\dimen133
\m@mabparskip=\skip66
\thanksmarkwidth=\skip67
\thanksmarksep=\skip68
\droptitle=\skip69
\c@book=\count173
\c@part=\count174
\c@chapter=\count175
\c@section=\count176
\c@subsection=\count177
\c@subsubsection=\count178
\c@paragraph=\count179
\c@subparagraph=\count180
\beforechapskip=\skip70
\midchapskip=\skip71
\afterchapskip=\skip72
\chapindent=\skip73
\bottomsectionskip=\skip74
\secindent=\skip75
\beforesecskip=\skip76
\aftersecskip=\skip77
\subsecindent=\skip78
\beforesubsecskip=\skip79
\aftersubsecskip=\skip80
\subsubsecindent=\skip81
\beforesubsubsecskip=\skip82
\aftersubsubsecskip=\skip83
\paraindent=\skip84
\beforeparaskip=\skip85
\afterparaskip=\skip86
\subparaindent=\skip87
\beforesubparaskip=\skip88
\aftersubparaskip=\skip89
\pfbreakskip=\skip90
\c@@ppsavesec=\count181
\c@@ppsaveapp=\count182
\ragrparindent=\dimen134
\everylistparindent=\dimen135
\parsepi=\skip91
\topsepi=\skip92
\itemsepi=\skip93
\parsepii=\skip94
\topsepii=\skip95
\topsepiii=\skip96
\itemsepii=\skip97
\itemsepiii=\skip98
\partopsepii=\skip99
\partopsepiii=\skip100
\m@msavetopsep=\skip101
\m@msavepartopsep=\skip102
\@enLab=\toks16
\abstitleskip=\skip103
\absleftindent=\skip104
\abs@leftindent=\dimen136
\absrightindent=\skip105
\absparindent=\skip106
\absparsep=\skip107
\c@vslineno=\count183
\c@poemline=\count184
\c@modulo@vs=\count185
\c@memfvsline=\count186
\vleftskip=\skip108
\vrightskip=\skip109
\stanzaskip=\skip110
\versewidth=\skip111
\vgap=\skip112
\vindent=\skip113
\vleftmargin=\dimen137
\c@verse=\count187
\c@chrsinstr=\count188
\beforepoemtitleskip=\skip114
\afterpoemtitleskip=\skip115
\c@poem=\count189
\beforePoemTitleskip=\skip116
\midPoemTitleskip=\skip117
\afterPoemTitleskip=\skip118
\col@sep=\dimen138
\extrarowheight=\dimen139
\NC@list=\toks17
\extratabsurround=\skip119
\backup@length=\skip120
\TX@col@width=\dimen140
\TX@old@table=\dimen141
\TX@old@col=\dimen142
\TX@target=\dimen143
\TX@delta=\dimen144
\TX@cols=\count190
\TX@ftn=\toks18
\heavyrulewidth=\dimen145
\lightrulewidth=\dimen146
\cmidrulewidth=\dimen147
\belowrulesep=\dimen148
\belowbottomsep=\dimen149
\aboverulesep=\dimen150
\abovetopsep=\dimen151
\cmidrulesep=\dimen152
\cmidrulekern=\dimen153
\defaultaddspace=\dimen154
\@cmidla=\count191
\@cmidlb=\count192
\@aboverulesep=\dimen155
\@belowrulesep=\dimen156
\@thisruleclass=\count193
\@lastruleclass=\count194
\@thisrulewidth=\dimen157
\ctableftskip=\skip121
\ctabrightskip=\skip122
\abovecolumnspenalty=\count195
\@linestogo=\count196
\@cellstogo=\count197
\@cellsincolumn=\count198
\crtok=\toks19
\@mincolumnwidth=\dimen158
\c@newflo@tctr=\count199
\mem@margin@floatbox=\box41
\@contcwidth=\skip123
\@contindw=\skip124
\abovecaptionskip=\skip125
\belowcaptionskip=\skip126
\subfloattopskip=\skip127
\subfloatcapskip=\skip128
\subfloatcaptopadj=\skip129
\subfloatbottomskip=\skip130
\subfloatlabelskip=\skip131
\subfloatcapmargin=\dimen159
\c@@contsubnum=\count266
\m@mscap@capbox=\box42
\m@mscap@fbox=\box43
\sidecapsep=\dimen160
\sidecapwidth=\dimen161
\m@m@tempdima=\dimen162
\m@mscapraise=\dimen163
\sidecapraise=\dimen164
\m@mscapmainwidth=\dimen165
\m@mscaplkern=\dimen166
\beforeepigraphskip=\skip132
\afterepigraphskip=\skip133
\epigraphwidth=\skip134
\epigraphrule=\skip135
LaTeX Info: Redefining \em on input line 7578.
LaTeX Info: Redefining \emph on input line 7586.
\tocentryskip=\skip136
\tocbaseline=\skip137
\cftparskip=\skip138
\cftbeforebookskip=\skip139
\cftbookindent=\dimen167
\cftbooknumwidth=\dimen168
\cftbeforepartskip=\skip140
\cftpartindent=\skip141
\cftpartnumwidth=\skip142
\cftbeforechapterskip=\skip143
\cftchapterindent=\skip144
\cftchapternumwidth=\skip145
\cftbeforesectionskip=\skip146
\cftsectionindent=\skip147
\cftsectionnumwidth=\skip148
\cftbeforesubsectionskip=\skip149
\cftsubsectionindent=\skip150
\cftsubsectionnumwidth=\skip151
\cftbeforesubsubsectionskip=\skip152
\cftsubsubsectionindent=\skip153
\cftsubsubsectionnumwidth=\skip154
\cftbeforeparagraphskip=\skip155
\cftparagraphindent=\skip156
\cftparagraphnumwidth=\skip157
\cftbeforesubparagraphskip=\skip158
\cftsubparagraphindent=\skip159
\cftsubparagraphnumwidth=\skip160
\prechapterprecisshift=\dimen169
\c@maxsecnumdepth=\count267
\bibindent=\dimen170
\bibitemsep=\skip161
\indexcolsep=\skip162
\indexrule=\skip163
\indexmarkstyle=\toks20
\@indexbox=\insert252
\glossarycolsep=\dimen171
\glossaryrule=\dimen172
\sideparvshift=\skip164
\sideins=\insert251
\sidebartopsep=\skip165
\sidebarhsep=\skip166
\sidebarvsep=\skip167
\sidebarwidth=\skip168
\footmarkwidth=\skip169
\footmarksep=\skip170
\footparindent=\skip171
\footinsdim=\skip172
\footinsv@r=\insert250
\@mpfootinsv@r=\insert249
\m@m@k=\count268
\m@m@h=\dimen173
\m@mipn@skip=\skip173
\sidefootins=\insert248
\sidefootadjust=\skip174
\sidefootheight=\skip175
\sidefoothsep=\skip176
\sidefootvsep=\skip177
\sidefootwidth=\skip178
\m@mdownsf=\skip179
\c@sidefootnote=\count269
\sidefootmarkwidth=\skip180
\sidefootmarksep=\skip181
\sidefootparindent=\skip182
\c@pagenote=\count270
\c@pagenoteshadow=\count271
\mem@pn@lastkern=\skip183
\every@verbatim=\toks21
\afterevery@verbatim=\toks22
\verbatim@line=\toks23
\tab@position=\count272
\verbatim@in@stream=\read1
\verbatimindent=\skip184
\verbatim@out=\write3
\bvboxsep=\skip185
\c@memfbvline=\count273
\c@bvlinectr=\count274
\bvnumlength=\skip186
\fb@frw=\dimen174
\fb@frh=\dimen175
\FrameRule=\dimen176
\FrameSep=\dimen177
\c@cp@cntr=\count275
LaTeX Info: Redefining \: on input line 12100.
LaTeX Info: Redefining \! on input line 12102.
\c@ism@mctr=\count276
\c@xsm@mctr=\count277
\c@csm@mctr=\count278
\c@ksm@mctr=\count279
\c@xksm@mctr=\count280
\c@cksm@mctr=\count281
\c@msm@mctr=\count282
\c@xmsm@mctr=\count283
\c@cmsm@mctr=\count284
\c@bsm@mctr=\count285
\c@workm@mctr=\count286
\c@sheetsequence=\count287
\c@lastsheet=\count288
\c@lastpage=\count289
\c@figure=\count290
\c@lofdepth=\count291
\cftbeforefigureskip=\skip187
\cftfigureindent=\skip188
\cftfigurenumwidth=\skip189
\c@table=\count292
\c@lotdepth=\count293
\cftbeforetableskip=\skip190
\cfttableindent=\skip191
\cfttablenumwidth=\skip192
Package abstract [2008/07/23] emulated by memoir.
Package appendix [2008/07/23] emulated by memoir.
Package array [2016/10/06] emulated by memoir.
Package booktabs [2016/05/16] emulated by memoir.
Package ccaption [2008/07/23] emulated by memoir.
Package changepage [2008/07/23] emulated by memoir.
Package chngcntr [2008/07/23] emulated by memoir.
Package chngpage [2008/07/23] emulated by memoir.
Package crop emulated by memoir.
Package dcolumn [2008/07/23] emulated by memoir.
Package delarray [2014/10/28] emulated by memoir.
Package enumerate [2008/07/23] emulated by memoir.
Package epigraph [2008/07/23] emulated by memoir.
Package ifmtarg [2008/07/23] emulated by memoir.
Package index [2008/07/23] emulated by memoir.
Package makeidx [2008/07/23] emulated by memoir.
Package moreverb [2008/07/23] emulated by memoir.
Package mparhack [2008/07/23] emulated by memoir.
Package needspace [2008/07/23] emulated by memoir.
Package newfile [2008/07/23] emulated by memoir.
Package nextpage [2008/07/23] emulated by memoir.
Package pagenote [2008/07/23] emulated by memoir.
Package parskip [2008/07/23] emulated by memoir.
Package patchcmd [2008/07/23] emulated by memoir.
Package setspace [2008/07/23] emulated by memoir.
Package shortvrb [2008/07/23] emulated by memoir.
Package showidx [2008/07/23] emulated by memoir.
Package tabularx [2016/02/03] emulated by memoir.
Package titleref [2008/07/23] emulated by memoir.
Package titling [2008/07/23] emulated by memoir.
Package tocbibind [2008/07/23] emulated by memoir.
Package tocloft [2008/07/23] emulated by memoir.
Package tocvsec2 [2008/07/23] emulated by memoir.
Package verbatim [2008/07/23] emulated by memoir.
Package verse [2008/07/23] emulated by memoir.
)
(c:/usr/texlive/2018/texmf-dist/tex/latex/kotex-oblivoir/memhangul-ucs/memhangu
l-ucs.sty
Package: memhangul-ucs 2014/06/12UCS Hangul Package for memoir class

memhangul-ucs v1.7.7 2014/06/12
(c:/usr/texlive/2018/texmf-dist/tex/latex/kotex-utf/dhucs.sty
Package: dhucs 2012/11/08 v5.3.2 typesetting UTF-8 Korean documents

(c:/usr/texlive/2018/texmf-dist/tex/latex/kotex-utf/kotexutf.sty
Package: kotexutf 2015/07/18 v2.1.1 typesetting UTF-8 Korean documents

(c:/usr/texlive/2018/texmf-dist/tex/latex/base/inputenc.sty
Package: inputenc 2018/04/06 v1.3b Input encoding file
\inpenc@prehook=\toks24
\inpenc@posthook=\toks25
)
(c:/usr/texlive/2018/texmf-dist/tex/plain/kotex-plain/kotexutf-core.tex
\unih@ngulpoint=\count294
\dhucs@emph@raise=\dimen178
)
Now handling font encoding LUC ...
... processing UTF-8 mapping file for font encoding LUC

(c:/usr/texlive/2018/texmf-dist/tex/latex/kotex-utf/lucenc.dfu
File: lucenc.dfu 2007/09/05 UTF-8 support for dhucs
   defining Unicode char U+00B7 (decimal 183)
   defining Unicode char U+2018 (decimal 8216)
   defining Unicode char U+2019 (decimal 8217)
   defining Unicode char U+201C (decimal 8220)
   defining Unicode char U+201D (decimal 8221)
   defining Unicode char U+3001 (decimal 12289)
   defining Unicode char U+3002 (decimal 12290)
   defining Unicode char U+3008 (decimal 12296)
   defining Unicode char U+3009 (decimal 12297)
   defining Unicode char U+300A (decimal 12298)
   defining Unicode char U+300B (decimal 12299)
   defining Unicode char U+300C (decimal 12300)
   defining Unicode char U+300D (decimal 12301)
   defining Unicode char U+300E (decimal 12302)
   defining Unicode char U+300F (decimal 12303)
   defining Unicode char U+3010 (decimal 12304)
   defining Unicode char U+3011 (decimal 12305)
   defining Unicode char U+3014 (decimal 12308)
   defining Unicode char U+3015 (decimal 12309)
   defining Unicode char U+3016 (decimal 12310)
   defining Unicode char U+3017 (decimal 12311)
   defining Unicode char U+3018 (decimal 12312)
   defining Unicode char U+3019 (decimal 12313)
   defining Unicode char U+301A (decimal 12314)
   defining Unicode char U+301B (decimal 12315)
   defining Unicode char U+FF01 (decimal 65281)
   defining Unicode char U+FF08 (decimal 65288)
   defining Unicode char U+FF09 (decimal 65289)
   defining Unicode char U+FF0C (decimal 65292)
   defining Unicode char U+FF0E (decimal 65294)
   defining Unicode char U+FF1A (decimal 65306)
   defining Unicode char U+FF1B (decimal 65307)
   defining Unicode char U+FF1C (decimal 65308)
   defining Unicode char U+FF1D (decimal 65309)
   defining Unicode char U+FF1E (decimal 65310)
   defining Unicode char U+FF1F (decimal 65311)
   defining Unicode char U+FF3B (decimal 65339)
   defining Unicode char U+FF3D (decimal 65341)
   defining Unicode char U+FF5B (decimal 65371)
   defining Unicode char U+FF5D (decimal 65373)
   defining Unicode char U+FF61 (decimal 65377)
   defining Unicode char U+FF62 (decimal 65378)
   defining Unicode char U+FF63 (decimal 65379)
   defining Unicode char U+FF64 (decimal 65380)
   defining Unicode char U+FF65 (decimal 65381)
)
\@josa=\count295
\josatoks=\toks26

(c:/usr/texlive/2018/texmf-dist/tex/latex/cjk-ko/kolabels-utf.sty
Package: kolabels-utf 2015/03/20 v1.5 UTF-8 Hangul item labels
)))
\memh@hu=\dimen179
\t@nch@ars=\skip193
\tmp@XXbox=\box44
\tmp@XXdim=\dimen180

(c:/usr/texlive/2018/texmf-dist/tex/latex/kotex-oblivoir/memhangul-ucs/memhangu
l-common.sty
Package: memhangul-common 2015/10/15
\pghgheadwidth=\dimen181
\c@APPchapter=\count296
\c@APPsection=\count297
\c@APPsubsection=\count298
\togetheightoffont=\box45
\htoffnt=\skip194
\divnoteskip=\skip195

(c:/usr/texlive/2018/texmf-dist/tex/latex/kotex-oblivoir/memhangul-ucs/memhangu
l-patch.sty) (c:/usr/texlive/2018/texmf-dist/tex/generic/oberdiek/hologo.sty
Package: hologo 2017/05/01 v1.13 A logo collection with bookmark support (HO)

(c:/usr/texlive/2018/texmf-dist/tex/generic/oberdiek/ltxcmds.sty
Package: ltxcmds 2016/05/16 v1.23 LaTeX kernel commands for general use (HO)
)
(c:/usr/texlive/2018/texmf-dist/tex/generic/oberdiek/infwarerr.sty
Package: infwarerr 2016/05/16 v1.4 Providing info/warning/error messages (HO)
)
(c:/usr/texlive/2018/texmf-dist/tex/generic/oberdiek/kvsetkeys.sty
Package: kvsetkeys 2016/05/16 v1.17 Key value parser (HO)

(c:/usr/texlive/2018/texmf-dist/tex/generic/oberdiek/etexcmds.sty
Package: etexcmds 2016/05/16 v1.6 Avoid name clashes with e-TeX commands (HO)
Package etexcmds Info: Could not find \expanded.
(etexcmds)             That can mean that you are not using pdfTeX 1.50 or
(etexcmds)             that some package has redefined \expanded.
(etexcmds)             In the latter case, load this package earlier.
))
(c:/usr/texlive/2018/texmf-dist/tex/generic/oberdiek/kvdefinekeys.sty
Package: kvdefinekeys 2016/05/16 v1.4 Define keys (HO)
)
(c:/usr/texlive/2018/texmf-dist/tex/generic/oberdiek/pdftexcmds.sty
Package: pdftexcmds 2018/01/30 v0.27 Utility functions of pdfTeX for LuaTeX (HO
)
Package pdftexcmds Info: LuaTeX not detected.
Package pdftexcmds Info: \pdf@primitive is available.
Package pdftexcmds Info: \pdf@ifprimitive is available.
Package pdftexcmds Info: \pdfdraftmode found.
)
(c:/usr/texlive/2018/texmf-dist/tex/generic/oberdiek/ifvtex.sty
Package: ifvtex 2016/05/16 v1.6 Detect VTeX and its facilities (HO)
Package ifvtex Info: VTeX not detected.
)
(c:/usr/texlive/2018/texmf-dist/tex/latex/oberdiek/kvoptions.sty
Package: kvoptions 2016/05/16 v3.12 Key value format for package options (HO)
)
Package hologo Info: Using driver `pdftex'.
)
.................................................
. LaTeX info: "xparse/define-command"
. 
. Defining command \XeTeX with sig. '' on line 1142.
.................................................
.................................................
. LaTeX info: "xparse/define-command"
. 
. Defining command \XeLaTeX with sig. '' on line 1142.
.................................................
.................................................
. LaTeX info: "xparse/define-command"
. 
. Defining command \LuaTeX with sig. '' on line 1148.
.................................................
.................................................
. LaTeX info: "xparse/define-command"
. 
. Defining command \LuaLaTeX with sig. '' on line 1148.
.................................................
)
(c:/usr/texlive/2018/texmf-dist/tex/latex/kotex-oblivoir/memhangul-ucs/memucs-i
nterword.sty
Package: memucs-interword 2007/09/22
\BASE@FONTsize=\dimen182
\ORIG@spaceskip=\skip196
)
(c:/usr/texlive/2018/texmf-dist/tex/latex/kotex-oblivoir/memhangul-ucs/memucs-s
etspace.sty
Package: memucs-setspace 2007/09/21 6.7-memucs8 Contributed and Supported LaTeX
2e package

Package: `memucs-setspace', a modified version of `setspace', 6.7-memucs8 <2007
/09/21>
)
   defining Unicode char U+00BC (decimal 188)
   defining Unicode char U+00BD (decimal 189)
   defining Unicode char U+00BE (decimal 190)
   defining Unicode char U+02D0 (decimal 720)
   defining Unicode char U+2025 (decimal 8229)
   defining Unicode char U+2026 (decimal 8230)
   defining Unicode char U+2015 (decimal 8213)
   defining Unicode char U+2312 (decimal 8978)
\raisedotdim=\dimen183
\dhucs@emph@width=\dimen184
\useremphraisedim=\dimen185
\tmp_user_emph_dim=\dimen186
.................................................
. LaTeX info: "xparse/define-command"
. 
. Defining command \useremph with sig. 'oom' on line 541.
.................................................
)
(c:/usr/texlive/2018/texmf-dist/tex/latex/kotex-oblivoir/memhangul-ucs/nanumfon
tsel.sty
Package: nanumfontsel 
) (c:/usr/texlive/2018/texmf-dist/tex/generic/pdftex/glyphtounicode.tex) (c:/us
r/texlive/2018/texmf-dist/tex/latex/kotex-utf/contrib/dhucs-cmap.sty
Package: dhucs-cmap 2007/06/16 searchable PDF for dhucs upon pdftex
)
\ob@hu=\dimen187

(c:/usr/texlive/2018/texmf-dist/tex/latex/hyperref/hyperref.sty
Package: hyperref 2018/02/06 v6.86b Hypertext links for LaTeX

(c:/usr/texlive/2018/texmf-dist/tex/generic/oberdiek/hobsub-hyperref.sty
Package: hobsub-hyperref 2016/05/16 v1.14 Bundle oberdiek, subset hyperref (HO)


(c:/usr/texlive/2018/texmf-dist/tex/generic/oberdiek/hobsub-generic.sty
Package: hobsub-generic 2016/05/16 v1.14 Bundle oberdiek, subset generic (HO)
Package: hobsub 2016/05/16 v1.14 Construct package bundles (HO)
Package hobsub Info: Skipping package `infwarerr' (already loaded).
Package hobsub Info: Skipping package `ltxcmds' (already loaded).
Package hobsub Info: Skipping package `ifluatex' (already loaded).
Package hobsub Info: Skipping package `ifvtex' (already loaded).
Package: intcalc 2016/05/16 v1.2 Expandable calculations with integers (HO)
Package hobsub Info: Skipping package `ifpdf' (already loaded).
Package hobsub Info: Skipping package `etexcmds' (already loaded).
Package hobsub Info: Skipping package `kvsetkeys' (already loaded).
Package hobsub Info: Skipping package `kvdefinekeys' (already loaded).
Package hobsub Info: Skipping package `pdftexcmds' (already loaded).
Package: pdfescape 2016/05/16 v1.14 Implements pdfTeX's escape features (HO)
Package: bigintcalc 2016/05/16 v1.4 Expandable calculations on big integers (HO
)
Package: bitset 2016/05/16 v1.2 Handle bit-vector datatype (HO)
Package: uniquecounter 2016/05/16 v1.3 Provide unlimited unique counter (HO)
)
Package hobsub Info: Skipping package `hobsub' (already loaded).
Package: letltxmacro 2016/05/16 v1.5 Let assignment for LaTeX macros (HO)
Package: hopatch 2016/05/16 v1.3 Wrapper for package hooks (HO)
Package: xcolor-patch 2016/05/16 xcolor patch
Package: atveryend 2016/05/16 v1.9 Hooks at the very end of document (HO)
Package atveryend Info: \enddocument detected (standard20110627).
Package: atbegshi 2016/06/09 v1.18 At begin shipout hook (HO)
Package: refcount 2016/05/16 v3.5 Data extraction from label references (HO)
Package: hycolor 2016/05/16 v1.8 Color options for hyperref/bookmark (HO)
)
(c:/usr/texlive/2018/texmf-dist/tex/latex/oberdiek/auxhook.sty
Package: auxhook 2016/05/16 v1.4 Hooks for auxiliary files (HO)
)
\@linkdim=\dimen188
\Hy@linkcounter=\count299
\Hy@pagecounter=\count300

(c:/usr/texlive/2018/texmf-dist/tex/latex/hyperref/pd1enc.def
File: pd1enc.def 2018/02/06 v6.86b Hyperref: PDFDocEncoding definition (HO)
Now handling font encoding PD1 ...
... no UTF-8 mapping file for font encoding PD1
)
\Hy@SavedSpaceFactor=\count301

(c:/usr/texlive/2018/texmf-dist/tex/latex/latexconfig/hyperref.cfg
File: hyperref.cfg 2002/06/06 v1.2 hyperref configuration of TeXLive
)
Package hyperref Info: Option `unicode' set `true' on input line 4383.

(c:/usr/texlive/2018/texmf-dist/tex/latex/hyperref/puenc.def
File: puenc.def 2018/02/06 v6.86b Hyperref: PDF Unicode definition (HO)
Now handling font encoding PU ...
... no UTF-8 mapping file for font encoding PU
)
Package hyperref Info: Hyper figures OFF on input line 4509.
Package hyperref Info: Link nesting OFF on input line 4514.
Package hyperref Info: Hyper index ON on input line 4517.
Package hyperref Info: Plain pages OFF on input line 4524.
Package hyperref Info: Backreferencing OFF on input line 4529.
Package hyperref Info: Implicit mode ON; LaTeX internals redefined.
Package hyperref Info: Bookmarks ON on input line 4762.
\c@Hy@tempcnt=\count302

(c:/usr/texlive/2018/texmf-dist/tex/latex/url/url.sty
\Urlmuskip=\muskip16
Package: url 2013/09/16  ver 3.4  Verb mode for urls, etc.
)
LaTeX Info: Redefining \url on input line 5115.
\XeTeXLinkMargin=\dimen189
\Fld@menulength=\count303
\Field@Width=\dimen190
\Fld@charsize=\dimen191
Package hyperref Info: Hyper figures OFF on input line 6369.
Package hyperref Info: Link nesting OFF on input line 6374.
Package hyperref Info: Hyper index ON on input line 6377.
Package hyperref Info: backreferencing OFF on input line 6384.
Package hyperref Info: Link coloring OFF on input line 6389.
Package hyperref Info: Link coloring with OCG OFF on input line 6394.
Package hyperref Info: PDF/A mode OFF on input line 6399.
LaTeX Info: Redefining \ref on input line 6439.
LaTeX Info: Redefining \pageref on input line 6443.
\Hy@abspage=\count304
\c@Item=\count305
\c@Hfootnote=\count306
)
(c:/usr/texlive/2018/texmf-dist/tex/latex/memoir/memhfixc.sty
Package: memhfixc 2013/05/30 v1.17 nameref/hyperref package fixes for memoir cl
ass
\c@memhycontfloat=\count307
\c@Hpagenote=\count308
)
Package hyperref Info: Driver: hpdftex.

(c:/usr/texlive/2018/texmf-dist/tex/latex/hyperref/hpdftex.def
File: hpdftex.def 2018/02/06 v6.86b Hyperref driver for pdfTeX
\Fld@listcount=\count309
\c@bookmark@seq@number=\count310

(c:/usr/texlive/2018/texmf-dist/tex/latex/oberdiek/rerunfilecheck.sty
Package: rerunfilecheck 2016/05/16 v1.8 Rerun checks for auxiliary files (HO)
Package uniquecounter Info: New unique counter `rerunfilecheck' on input line 2
82.
)
\Hy@SectionHShift=\skip197
)
\@ensp=\skip198

(c:/usr/texlive/2018/texmf-dist/tex/latex/kotex-oblivoir/memhangul-ucs/ob-toclo
f.sty)
(c:/usr/texlive/2018/texmf-dist/tex/latex/kotex-oblivoir/memhangul-ucs/ob-korea
nappendix.sty))
HANGUL DRIVER: kotex-utf
)) (c:/usr/texlive/2018/texmf-dist/tex/latex/amscls/amsthm.sty
Package: amsthm 2017/10/31 v2.20.4
\thm@style=\toks27
\thm@bodyfont=\toks28
\thm@headfont=\toks29
\thm@notefont=\toks30
\thm@headpunct=\toks31
\thm@preskip=\skip199
\thm@postskip=\skip256
\thm@headsep=\skip257
\dth@everypar=\toks32
)
(c:/usr/texlive/2018/texmf-dist/tex/latex/thmtools/thmtools.sty
Package: thmtools 2014/04/21 v66
\thmt@toks=\toks33
\c@thmt@dummyctr=\count311

(c:/usr/texlive/2018/texmf-dist/tex/latex/thmtools/thm-patch.sty
Package: thm-patch 2014/04/21 v66

(c:/usr/texlive/2018/texmf-dist/tex/latex/thmtools/parseargs.sty
Package: parseargs 2014/04/21 v66
\@parsespec=\toks34
))
(c:/usr/texlive/2018/texmf-dist/tex/latex/thmtools/thm-kv.sty
Package: thm-kv 2014/04/21 v66
Package thm-kv Info: Theorem names will be uppercased on input line 40.
Package thm-kv Info: kvsetkeys patch (v1.16 or later) on input line 156.
)
(c:/usr/texlive/2018/texmf-dist/tex/latex/thmtools/thm-autoref.sty
Package: thm-autoref 2014/04/21 v66

(c:/usr/texlive/2018/texmf-dist/tex/latex/thmtools/aliasctr.sty
Package: aliasctr 2014/04/21 v66

(c:/usr/texlive/2018/texmf-dist/tex/latex/carlisle/remreset.sty)))
(c:/usr/texlive/2018/texmf-dist/tex/latex/thmtools/thm-listof.sty
Package: thm-listof 2014/04/21 v66
)
(c:/usr/texlive/2018/texmf-dist/tex/latex/thmtools/thm-restate.sty
Package: thm-restate 2014/04/21 v66
)
(c:/usr/texlive/2018/texmf-dist/tex/latex/thmtools/thm-amsthm.sty
Package: thm-amsthm 2014/04/21 v66
\thmt@style@headstyle=\toks35
))
(c:/usr/texlive/2018/texmf-dist/tex/latex/graphics/graphicx.sty
Package: graphicx 2017/06/01 v1.1a Enhanced LaTeX Graphics (DPC,SPQR)

(c:/usr/texlive/2018/texmf-dist/tex/latex/graphics/graphics.sty
Package: graphics 2017/06/25 v1.2c Standard LaTeX Graphics (DPC,SPQR)

(c:/usr/texlive/2018/texmf-dist/tex/latex/graphics/trig.sty
Package: trig 2016/01/03 v1.10 sin cos tan (DPC)
)
(c:/usr/texlive/2018/texmf-dist/tex/latex/graphics-cfg/graphics.cfg
File: graphics.cfg 2016/06/04 v1.11 sample graphics configuration
)
Package graphics Info: Driver file: pdftex.def on input line 99.

(c:/usr/texlive/2018/texmf-dist/tex/latex/graphics-def/pdftex.def
File: pdftex.def 2018/01/08 v1.0l Graphics/color driver for pdftex
))
\Gin@req@height=\dimen192
\Gin@req@width=\dimen193
)
(./ikps.sty (c:/usr/texlive/2018/texmf-dist/tex/latex/amsmath/amsmath.sty
Package: amsmath 2017/09/02 v2.17a AMS math features
\@mathmargin=\skip258

For additional information on amsmath, use the `?' option.
(c:/usr/texlive/2018/texmf-dist/tex/latex/amsmath/amstext.sty
Package: amstext 2000/06/29 v2.01 AMS text

(c:/usr/texlive/2018/texmf-dist/tex/latex/amsmath/amsgen.sty
File: amsgen.sty 1999/11/30 v2.0 generic functions
\@emptytoks=\toks36
\ex@=\dimen194
))
(c:/usr/texlive/2018/texmf-dist/tex/latex/amsmath/amsbsy.sty
Package: amsbsy 1999/11/29 v1.2d Bold Symbols
\pmbraise@=\dimen195
)
(c:/usr/texlive/2018/texmf-dist/tex/latex/amsmath/amsopn.sty
Package: amsopn 2016/03/08 v2.02 operator names
)
\inf@bad=\count312
LaTeX Info: Redefining \frac on input line 213.
\uproot@=\count313
\leftroot@=\count314
LaTeX Info: Redefining \overline on input line 375.
\classnum@=\count315
\DOTSCASE@=\count316
LaTeX Info: Redefining \ldots on input line 472.
LaTeX Info: Redefining \dots on input line 475.
LaTeX Info: Redefining \cdots on input line 596.
\Mathstrutbox@=\box46
\strutbox@=\box47
\big@size=\dimen196
LaTeX Font Info:    Redeclaring font encoding OML on input line 712.
LaTeX Font Info:    Redeclaring font encoding OMS on input line 713.
\macc@depth=\count317
\c@MaxMatrixCols=\count318
\dotsspace@=\muskip17
\c@parentequation=\count319
\dspbrk@lvl=\count320
\tag@help=\toks37
\row@=\count321
\column@=\count322
\maxfields@=\count323
\andhelp@=\toks38
\eqnshift@=\dimen197
\alignsep@=\dimen198
\tagshift@=\dimen199
\tagwidth@=\dimen256
\totwidth@=\dimen257
\lineht@=\dimen258
\@envbody=\toks39
\multlinegap=\skip259
\multlinetaggap=\skip260
\mathdisplay@stack=\toks40
LaTeX Info: Redefining \[ on input line 2817.
LaTeX Info: Redefining \] on input line 2818.
)
(c:/usr/texlive/2018/texmf-dist/tex/latex/amsfonts/amssymb.sty
Package: amssymb 2013/01/14 v3.01 AMS font symbols

(c:/usr/texlive/2018/texmf-dist/tex/latex/amsfonts/amsfonts.sty
Package: amsfonts 2013/01/14 v3.01 Basic AMSFonts support
\symAMSa=\mathgroup4
\symAMSb=\mathgroup5
LaTeX Font Info:    Overwriting math alphabet `\mathfrak' in version `bold'
(Font)                  U/euf/m/n --> U/euf/b/n on input line 106.
))
(c:/usr/texlive/2018/texmf-dist/tex/latex/stmaryrd/stmaryrd.sty
Package: stmaryrd 1994/03/03 St Mary's Road symbol package
\symstmry=\mathgroup6
LaTeX Font Info:    Overwriting symbol font `stmry' in version `bold'
(Font)                  U/stmry/m/n --> U/stmry/b/n on input line 89.
)
(c:/usr/texlive/2018/texmf-dist/tex/latex/pgf/frontendlayer/tikz.sty
(c:/usr/texlive/2018/texmf-dist/tex/latex/pgf/basiclayer/pgf.sty
(c:/usr/texlive/2018/texmf-dist/tex/latex/pgf/utilities/pgfrcs.sty
(c:/usr/texlive/2018/texmf-dist/tex/generic/pgf/utilities/pgfutil-common.tex
\pgfutil@everybye=\toks41
\pgfutil@tempdima=\dimen259
\pgfutil@tempdimb=\dimen260

(c:/usr/texlive/2018/texmf-dist/tex/generic/pgf/utilities/pgfutil-common-lists.
tex))
(c:/usr/texlive/2018/texmf-dist/tex/generic/pgf/utilities/pgfutil-latex.def
\pgfutil@abb=\box48

(c:/usr/texlive/2018/texmf-dist/tex/latex/ms/everyshi.sty
Package: everyshi 2001/05/15 v3.00 EveryShipout Package (MS)
))
(c:/usr/texlive/2018/texmf-dist/tex/generic/pgf/utilities/pgfrcs.code.tex
Package: pgfrcs 2015/08/07 v3.0.1a (rcs-revision 1.31)
))
Package: pgf 2015/08/07 v3.0.1a (rcs-revision 1.15)

(c:/usr/texlive/2018/texmf-dist/tex/latex/pgf/basiclayer/pgfcore.sty
(c:/usr/texlive/2018/texmf-dist/tex/latex/pgf/systemlayer/pgfsys.sty
(c:/usr/texlive/2018/texmf-dist/tex/generic/pgf/systemlayer/pgfsys.code.tex
Package: pgfsys 2014/07/09 v3.0.1a (rcs-revision 1.48)

(c:/usr/texlive/2018/texmf-dist/tex/generic/pgf/utilities/pgfkeys.code.tex
\pgfkeys@pathtoks=\toks42
\pgfkeys@temptoks=\toks43

(c:/usr/texlive/2018/texmf-dist/tex/generic/pgf/utilities/pgfkeysfiltered.code.
tex
\pgfkeys@tmptoks=\toks44
))
\pgf@x=\dimen261
\pgf@y=\dimen262
\pgf@xa=\dimen263
\pgf@ya=\dimen264
\pgf@xb=\dimen265
\pgf@yb=\dimen266
\pgf@xc=\dimen267
\pgf@yc=\dimen268
\w@pgf@writea=\write4
\r@pgf@reada=\read2
\c@pgf@counta=\count324
\c@pgf@countb=\count325
\c@pgf@countc=\count326
\c@pgf@countd=\count327
\t@pgf@toka=\toks45
\t@pgf@tokb=\toks46
\t@pgf@tokc=\toks47
 (c:/usr/texlive/2018/texmf-dist/tex/generic/pgf/systemlayer/pgf.cfg
File: pgf.cfg 2008/05/14  (rcs-revision 1.7)
)
Driver file for pgf: pgfsys-pdftex.def

(c:/usr/texlive/2018/texmf-dist/tex/generic/pgf/systemlayer/pgfsys-pdftex.def
File: pgfsys-pdftex.def 2014/10/11  (rcs-revision 1.35)

(c:/usr/texlive/2018/texmf-dist/tex/generic/pgf/systemlayer/pgfsys-common-pdf.d
ef
File: pgfsys-common-pdf.def 2013/10/10  (rcs-revision 1.13)
)))
(c:/usr/texlive/2018/texmf-dist/tex/generic/pgf/systemlayer/pgfsyssoftpath.code
.tex
File: pgfsyssoftpath.code.tex 2013/09/09  (rcs-revision 1.9)
\pgfsyssoftpath@smallbuffer@items=\count328
\pgfsyssoftpath@bigbuffer@items=\count329
)
(c:/usr/texlive/2018/texmf-dist/tex/generic/pgf/systemlayer/pgfsysprotocol.code
.tex
File: pgfsysprotocol.code.tex 2006/10/16  (rcs-revision 1.4)
)) (c:/usr/texlive/2018/texmf-dist/tex/latex/xcolor/xcolor.sty
Package: xcolor 2016/05/11 v2.12 LaTeX color extensions (UK)

(c:/usr/texlive/2018/texmf-dist/tex/latex/graphics-cfg/color.cfg
File: color.cfg 2016/01/02 v1.6 sample color configuration
)
Package xcolor Info: Driver file: pdftex.def on input line 225.
Package xcolor Info: Model `cmy' substituted by `cmy0' on input line 1348.
Package xcolor Info: Model `hsb' substituted by `rgb' on input line 1352.
Package xcolor Info: Model `RGB' extended on input line 1364.
Package xcolor Info: Model `HTML' substituted by `rgb' on input line 1366.
Package xcolor Info: Model `Hsb' substituted by `hsb' on input line 1367.
Package xcolor Info: Model `tHsb' substituted by `hsb' on input line 1368.
Package xcolor Info: Model `HSB' substituted by `hsb' on input line 1369.
Package xcolor Info: Model `Gray' substituted by `gray' on input line 1370.
Package xcolor Info: Model `wave' substituted by `hsb' on input line 1371.
)
(c:/usr/texlive/2018/texmf-dist/tex/generic/pgf/basiclayer/pgfcore.code.tex
Package: pgfcore 2010/04/11 v3.0.1a (rcs-revision 1.7)

(c:/usr/texlive/2018/texmf-dist/tex/generic/pgf/math/pgfmath.code.tex
(c:/usr/texlive/2018/texmf-dist/tex/generic/pgf/math/pgfmathcalc.code.tex
(c:/usr/texlive/2018/texmf-dist/tex/generic/pgf/math/pgfmathutil.code.tex)
(c:/usr/texlive/2018/texmf-dist/tex/generic/pgf/math/pgfmathparser.code.tex
\pgfmath@dimen=\dimen269
\pgfmath@count=\count330
\pgfmath@box=\box49
\pgfmath@toks=\toks48
\pgfmath@stack@operand=\toks49
\pgfmath@stack@operation=\toks50
)
(c:/usr/texlive/2018/texmf-dist/tex/generic/pgf/math/pgfmathfunctions.code.tex
(c:/usr/texlive/2018/texmf-dist/tex/generic/pgf/math/pgfmathfunctions.basic.cod
e.tex)
(c:/usr/texlive/2018/texmf-dist/tex/generic/pgf/math/pgfmathfunctions.trigonome
tric.code.tex)
(c:/usr/texlive/2018/texmf-dist/tex/generic/pgf/math/pgfmathfunctions.random.co
de.tex)
(c:/usr/texlive/2018/texmf-dist/tex/generic/pgf/math/pgfmathfunctions.compariso
n.code.tex)
(c:/usr/texlive/2018/texmf-dist/tex/generic/pgf/math/pgfmathfunctions.base.code
.tex)
(c:/usr/texlive/2018/texmf-dist/tex/generic/pgf/math/pgfmathfunctions.round.cod
e.tex)
(c:/usr/texlive/2018/texmf-dist/tex/generic/pgf/math/pgfmathfunctions.misc.code
.tex)
(c:/usr/texlive/2018/texmf-dist/tex/generic/pgf/math/pgfmathfunctions.integerar
ithmetics.code.tex)))
(c:/usr/texlive/2018/texmf-dist/tex/generic/pgf/math/pgfmathfloat.code.tex
\c@pgfmathroundto@lastzeros=\count331
))
(c:/usr/texlive/2018/texmf-dist/tex/generic/pgf/basiclayer/pgfcorepoints.code.t
ex
File: pgfcorepoints.code.tex 2013/10/07  (rcs-revision 1.27)
\pgf@picminx=\dimen270
\pgf@picmaxx=\dimen271
\pgf@picminy=\dimen272
\pgf@picmaxy=\dimen273
\pgf@pathminx=\dimen274
\pgf@pathmaxx=\dimen275
\pgf@pathminy=\dimen276
\pgf@pathmaxy=\dimen277
\pgf@xx=\dimen278
\pgf@xy=\dimen279
\pgf@yx=\dimen280
\pgf@yy=\dimen281
\pgf@zx=\dimen282
\pgf@zy=\dimen283
)
(c:/usr/texlive/2018/texmf-dist/tex/generic/pgf/basiclayer/pgfcorepathconstruct
.code.tex
File: pgfcorepathconstruct.code.tex 2013/10/07  (rcs-revision 1.29)
\pgf@path@lastx=\dimen284
\pgf@path@lasty=\dimen285
)
(c:/usr/texlive/2018/texmf-dist/tex/generic/pgf/basiclayer/pgfcorepathusage.cod
e.tex
File: pgfcorepathusage.code.tex 2014/11/02  (rcs-revision 1.24)
\pgf@shorten@end@additional=\dimen286
\pgf@shorten@start@additional=\dimen287
)
(c:/usr/texlive/2018/texmf-dist/tex/generic/pgf/basiclayer/pgfcorescopes.code.t
ex
File: pgfcorescopes.code.tex 2015/05/08  (rcs-revision 1.46)
\pgfpic=\box50
\pgf@hbox=\box51
\pgf@layerbox@main=\box52
\pgf@picture@serial@count=\count332
)
(c:/usr/texlive/2018/texmf-dist/tex/generic/pgf/basiclayer/pgfcoregraphicstate.
code.tex
File: pgfcoregraphicstate.code.tex 2014/11/02  (rcs-revision 1.12)
\pgflinewidth=\dimen288
)
(c:/usr/texlive/2018/texmf-dist/tex/generic/pgf/basiclayer/pgfcoretransformatio
ns.code.tex
File: pgfcoretransformations.code.tex 2015/08/07  (rcs-revision 1.20)
\pgf@pt@x=\dimen289
\pgf@pt@y=\dimen290
\pgf@pt@temp=\dimen291
)
(c:/usr/texlive/2018/texmf-dist/tex/generic/pgf/basiclayer/pgfcorequick.code.te
x
File: pgfcorequick.code.tex 2008/10/09  (rcs-revision 1.3)
)
(c:/usr/texlive/2018/texmf-dist/tex/generic/pgf/basiclayer/pgfcoreobjects.code.
tex
File: pgfcoreobjects.code.tex 2006/10/11  (rcs-revision 1.2)
)
(c:/usr/texlive/2018/texmf-dist/tex/generic/pgf/basiclayer/pgfcorepathprocessin
g.code.tex
File: pgfcorepathprocessing.code.tex 2013/09/09  (rcs-revision 1.9)
)
(c:/usr/texlive/2018/texmf-dist/tex/generic/pgf/basiclayer/pgfcorearrows.code.t
ex
File: pgfcorearrows.code.tex 2015/05/14  (rcs-revision 1.43)
\pgfarrowsep=\dimen292
)
(c:/usr/texlive/2018/texmf-dist/tex/generic/pgf/basiclayer/pgfcoreshade.code.te
x
File: pgfcoreshade.code.tex 2013/07/15  (rcs-revision 1.15)
\pgf@max=\dimen293
\pgf@sys@shading@range@num=\count333
)
(c:/usr/texlive/2018/texmf-dist/tex/generic/pgf/basiclayer/pgfcoreimage.code.te
x
File: pgfcoreimage.code.tex 2013/07/15  (rcs-revision 1.18)

(c:/usr/texlive/2018/texmf-dist/tex/generic/pgf/basiclayer/pgfcoreexternal.code
.tex
File: pgfcoreexternal.code.tex 2014/07/09  (rcs-revision 1.21)
\pgfexternal@startupbox=\box53
))
(c:/usr/texlive/2018/texmf-dist/tex/generic/pgf/basiclayer/pgfcorelayers.code.t
ex
File: pgfcorelayers.code.tex 2013/07/18  (rcs-revision 1.7)
)
(c:/usr/texlive/2018/texmf-dist/tex/generic/pgf/basiclayer/pgfcoretransparency.
code.tex
File: pgfcoretransparency.code.tex 2013/09/30  (rcs-revision 1.5)
)
(c:/usr/texlive/2018/texmf-dist/tex/generic/pgf/basiclayer/pgfcorepatterns.code
.tex
File: pgfcorepatterns.code.tex 2013/11/07  (rcs-revision 1.5)
)))
(c:/usr/texlive/2018/texmf-dist/tex/generic/pgf/modules/pgfmoduleshapes.code.te
x
File: pgfmoduleshapes.code.tex 2014/03/21  (rcs-revision 1.35)
\pgfnodeparttextbox=\box54
)
(c:/usr/texlive/2018/texmf-dist/tex/generic/pgf/modules/pgfmoduleplot.code.tex
File: pgfmoduleplot.code.tex 2015/08/03  (rcs-revision 1.13)
)
(c:/usr/texlive/2018/texmf-dist/tex/latex/pgf/compatibility/pgfcomp-version-0-6
5.sty
Package: pgfcomp-version-0-65 2007/07/03 v3.0.1a (rcs-revision 1.7)
\pgf@nodesepstart=\dimen294
\pgf@nodesepend=\dimen295
)
(c:/usr/texlive/2018/texmf-dist/tex/latex/pgf/compatibility/pgfcomp-version-1-1
8.sty
Package: pgfcomp-version-1-18 2007/07/23 v3.0.1a (rcs-revision 1.1)
)) (c:/usr/texlive/2018/texmf-dist/tex/latex/pgf/utilities/pgffor.sty
(c:/usr/texlive/2018/texmf-dist/tex/latex/pgf/utilities/pgfkeys.sty
(c:/usr/texlive/2018/texmf-dist/tex/generic/pgf/utilities/pgfkeys.code.tex))
(c:/usr/texlive/2018/texmf-dist/tex/latex/pgf/math/pgfmath.sty
(c:/usr/texlive/2018/texmf-dist/tex/generic/pgf/math/pgfmath.code.tex))
(c:/usr/texlive/2018/texmf-dist/tex/generic/pgf/utilities/pgffor.code.tex
Package: pgffor 2013/12/13 v3.0.1a (rcs-revision 1.25)

(c:/usr/texlive/2018/texmf-dist/tex/generic/pgf/math/pgfmath.code.tex)
\pgffor@iter=\dimen296
\pgffor@skip=\dimen297
\pgffor@stack=\toks51
\pgffor@toks=\toks52
))
(c:/usr/texlive/2018/texmf-dist/tex/generic/pgf/frontendlayer/tikz/tikz.code.te
x
Package: tikz 2015/08/07 v3.0.1a (rcs-revision 1.151)

(c:/usr/texlive/2018/texmf-dist/tex/generic/pgf/libraries/pgflibraryplothandler
s.code.tex
File: pgflibraryplothandlers.code.tex 2013/08/31 v3.0.1a (rcs-revision 1.20)
\pgf@plot@mark@count=\count334
\pgfplotmarksize=\dimen298
)
\tikz@lastx=\dimen299
\tikz@lasty=\dimen300
\tikz@lastxsaved=\dimen301
\tikz@lastysaved=\dimen302
\tikzleveldistance=\dimen303
\tikzsiblingdistance=\dimen304
\tikz@figbox=\box55
\tikz@figbox@bg=\box56
\tikz@tempbox=\box57
\tikz@tempbox@bg=\box58
\tikztreelevel=\count335
\tikznumberofchildren=\count336
\tikznumberofcurrentchild=\count337
\tikz@fig@count=\count338

(c:/usr/texlive/2018/texmf-dist/tex/generic/pgf/modules/pgfmodulematrix.code.te
x
File: pgfmodulematrix.code.tex 2013/09/17  (rcs-revision 1.8)
\pgfmatrixcurrentrow=\count339
\pgfmatrixcurrentcolumn=\count340
\pgf@matrix@numberofcolumns=\count341
)
\tikz@expandcount=\count342

(c:/usr/texlive/2018/texmf-dist/tex/generic/pgf/frontendlayer/tikz/libraries/ti
kzlibrarytopaths.code.tex
File: tikzlibrarytopaths.code.tex 2008/06/17 v3.0.1a (rcs-revision 1.2)
)))
(c:/usr/texlive/2018/texmf-dist/tex/latex/mdframed/mdframed.sty
Package: mdframed 2013/07/01 1.9b: mdframed

(c:/usr/texlive/2018/texmf-dist/tex/latex/etoolbox/etoolbox.sty
Package: etoolbox 2018/02/11 v2.5e e-TeX tools for LaTeX (JAW)
\etb@tempcnta=\count343
)
(c:/usr/texlive/2018/texmf-dist/tex/latex/oberdiek/zref-abspage.sty
Package: zref-abspage 2016/05/21 v2.26 Module abspage for zref (HO)

(c:/usr/texlive/2018/texmf-dist/tex/latex/oberdiek/zref-base.sty
Package: zref-base 2016/05/21 v2.26 Module base for zref (HO)
Package zref Info: New property list: main on input line 759.
Package zref Info: New property: default on input line 760.
Package zref Info: New property: page on input line 761.
)
\c@abspage=\count344
Package zref Info: New property: abspage on input line 62.
)
\mdf@templength=\skip261
\c@mdf@globalstyle@cnt=\count345
\mdf@skipabove@length=\skip262
\mdf@skipbelow@length=\skip263
\mdf@leftmargin@length=\skip264
\mdf@rightmargin@length=\skip265
\mdf@innerleftmargin@length=\skip266
\mdf@innerrightmargin@length=\skip267
\mdf@innertopmargin@length=\skip268
\mdf@innerbottommargin@length=\skip269
\mdf@splittopskip@length=\skip270
\mdf@splitbottomskip@length=\skip271
\mdf@outermargin@length=\skip272
\mdf@innermargin@length=\skip273
\mdf@linewidth@length=\skip274
\mdf@innerlinewidth@length=\skip275
\mdf@middlelinewidth@length=\skip276
\mdf@outerlinewidth@length=\skip277
\mdf@roundcorner@length=\skip278
\mdf@footenotedistance@length=\skip279
\mdf@userdefinedwidth@length=\skip280
\mdf@needspace@length=\skip281
\mdf@frametitleaboveskip@length=\skip282
\mdf@frametitlebelowskip@length=\skip283
\mdf@frametitlerulewidth@length=\skip284
\mdf@frametitleleftmargin@length=\skip285
\mdf@frametitlerightmargin@length=\skip286
\mdf@shadowsize@length=\skip287
\mdf@extratopheight@length=\skip288
\mdf@subtitleabovelinewidth@length=\skip289
\mdf@subtitlebelowlinewidth@length=\skip290
\mdf@subtitleaboveskip@length=\skip291
\mdf@subtitlebelowskip@length=\skip292
\mdf@subtitleinneraboveskip@length=\skip293
\mdf@subtitleinnerbelowskip@length=\skip294
\mdf@subsubtitleabovelinewidth@length=\skip295
\mdf@subsubtitlebelowlinewidth@length=\skip296
\mdf@subsubtitleaboveskip@length=\skip297
\mdf@subsubtitlebelowskip@length=\skip298
\mdf@subsubtitleinneraboveskip@length=\skip299
\mdf@subsubtitleinnerbelowskip@length=\skip300

(c:/usr/texlive/2018/texmf-dist/tex/latex/mdframed/md-frame-1.mdf
File: md-frame-1.mdf 2013/07/01\ 1.9b: md-frame-1
)
\mdf@frametitlebox=\box59
\mdf@footnotebox=\box60
\mdf@splitbox@one=\box61
\mdf@splitbox@two=\box62
\mdf@splitbox@save=\box63
\mdfsplitboxwidth=\skip301
\mdfsplitboxtotalwidth=\skip302
\mdfsplitboxheight=\skip303
\mdfsplitboxdepth=\skip304
\mdfsplitboxtotalheight=\skip305
\mdfframetitleboxwidth=\skip306
\mdfframetitleboxtotalwidth=\skip307
\mdfframetitleboxheight=\skip308
\mdfframetitleboxdepth=\skip309
\mdfframetitleboxtotalheight=\skip310
\mdffootnoteboxwidth=\skip311
\mdffootnoteboxtotalwidth=\skip312
\mdffootnoteboxheight=\skip313
\mdffootnoteboxdepth=\skip314
\mdffootnoteboxtotalheight=\skip315
\mdftotallinewidth=\skip316
\mdfboundingboxwidth=\skip317
\mdfboundingboxtotalwidth=\skip318
\mdfboundingboxheight=\skip319
\mdfboundingboxdepth=\skip320
\mdfboundingboxtotalheight=\skip321
\mdf@freevspace@length=\skip322
\mdf@horizontalwidthofbox@length=\skip323
\mdf@verticalmarginwhole@length=\skip324
\mdf@horizontalspaceofbox=\skip325
\mdfsubtitleheight=\skip326
\mdfsubsubtitleheight=\skip327
\c@mdfcountframes=\count346

****** mdframed patching \endmdf@trivlist

****** -- success******

.................................................
. LaTeX info: "xparse/define-command"
. 
. Defining command \newmdtheoremenv with sig. 'O{} m o m o ' on line 601.
.................................................
.................................................
. LaTeX info: "xparse/define-command"
. 
. Defining command \mdtheorem with sig. ' O{} m o m o ' on line 701.
.................................................
\mdf@envdepth=\count347
\c@mdf@env@i=\count348
\c@mdf@env@ii=\count349
\c@mdf@zref@counter=\count350
Package zref Info: New property: mdf@pagevalue on input line 895.
)
(c:/usr/texlive/2018/texmf-dist/tex/generic/ulem/ulem.sty
\UL@box=\box64
\UL@hyphenbox=\box65
\UL@skip=\skip328
\UL@hook=\toks53
\UL@height=\dimen305
\UL@pe=\count351
\UL@pixel=\dimen306
\ULC@box=\box66
Package: ulem 2012/05/18
\ULdepth=\dimen307
)
(c:/usr/texlive/2018/texmf-dist/tex/latex/esvect/esvect.sty
Package: esvect 
\symesvector=\mathgroup7
LaTeX Font Info:    Redeclaring math symbol \fldr on input line 38.
))
Package thmtools Info: Automatically pulling in `thmdef-shaded' on input line 2
1.

(c:/usr/texlive/2018/texmf-dist/tex/latex/thmtools/thmdef-shaded.sty
Package: thmdef-shaded 2014/04/21 v66
)
\c@dfn=\count352

(c:/usr/texlive/2018/texmf-dist/tex/latex/shadethm/shadethm.sty
Package: shadethm 1999/11/23
\saveparindent=\skip329
\shadeboxsep=\skip330
\shadeboxrule=\skip331
\shadedtextwidth=\skip332
\shadeleftshift=\skip333
\shaderightshift=\skip334
\shadesavebox=\box67
)
\c@theorem=\count353
\c@corollary=\count354
\c@thm=\count355
 (./graph.aux
(./section1.aux) (./section2.aux) (./section3.aux))
\openout1 = `graph.aux'.

LaTeX Font Info:    Checking defaults for OML/cmm/m/it on input line 41.
LaTeX Font Info:    ... okay on input line 41.
LaTeX Font Info:    Checking defaults for T1/cmr/m/n on input line 41.
LaTeX Font Info:    ... okay on input line 41.
LaTeX Font Info:    Checking defaults for OT1/cmr/m/n on input line 41.
LaTeX Font Info:    ... okay on input line 41.
LaTeX Font Info:    Checking defaults for OMS/cmsy/m/n on input line 41.
LaTeX Font Info:    ... okay on input line 41.
LaTeX Font Info:    Checking defaults for OMX/cmex/m/n on input line 41.
LaTeX Font Info:    ... okay on input line 41.
LaTeX Font Info:    Checking defaults for U/cmr/m/n on input line 41.
LaTeX Font Info:    ... okay on input line 41.
LaTeX Font Info:    Checking defaults for LUC/nanummj/m/n on input line 41.
LaTeX Font Info:    Try loading font information for LUC+nanummj on input line 
41.

(c:/usr/texlive/2018/texmf-dist/tex/latex/nanumtype1/lucnanummj.fd
File: lucnanummj.fd 2013/02/12 v0.1 Nanum Myeongjo font definitions
)
LaTeX Font Info:    ... okay on input line 41.
LaTeX Font Info:    Checking defaults for PD1/pdf/m/n on input line 41.
LaTeX Font Info:    ... okay on input line 41.
LaTeX Font Info:    Checking defaults for PU/pdf/m/n on input line 41.
LaTeX Font Info:    ... okay on input line 41.
   defining Unicode char U+00B7 (decimal 183)

(c:/usr/texlive/2018/texmf-dist/tex/latex/kotex-oblivoir/memhangul-ucs/memucs-g
remph.sty
Package: memucs-gremph 
LaTeX Info: Redefining \itshape on input line 74.
LaTeX Info: Redefining \slshape on input line 78.
)
\AtBeginShipoutBox=\box68
Package hyperref Info: Link coloring OFF on input line 41.
 (c:/usr/texlive/2018/texmf-dist/tex/latex/hyperref/nameref.sty
Package: nameref 2016/05/21 v2.44 Cross-referencing by name of section

(c:/usr/texlive/2018/texmf-dist/tex/generic/oberdiek/gettitlestring.sty
Package: gettitlestring 2016/05/16 v1.5 Cleanup title references (HO)
)
\c@section@level=\count356
)
Redoing nameref's sectioning
Redoing nameref's label
LaTeX Info: Redefining \nameref on input line 41.
LaTeX Info: Redefining \ref on input line 41.
LaTeX Info: Redefining \pageref on input line 41.
LaTeX Info: Redefining \nameref on input line 41.
(./graph.out) (./graph.out)
\@outlinefile=\write5
\openout5 = `graph.out'.


(c:/usr/texlive/2018/texmf-dist/tex/context/base/mkii/supp-pdf.mkii
[Loading MPS to PDF converter (version 2006.09.02).]
\scratchcounter=\count357
\scratchdimen=\dimen308
\scratchbox=\box69
\nofMPsegments=\count358
\nofMParguments=\count359
\everyMPshowfont=\toks54
\MPscratchCnt=\count360
\MPscratchDim=\dimen309
\MPnumerator=\count361
\makeMPintoPDFobject=\count362
\everyMPtoPDFconversion=\toks55
) (c:/usr/texlive/2018/texmf-dist/tex/latex/oberdiek/epstopdf-base.sty
Package: epstopdf-base 2016/05/15 v2.6 Base part for package epstopdf

(c:/usr/texlive/2018/texmf-dist/tex/latex/oberdiek/grfext.sty
Package: grfext 2016/05/16 v1.2 Manage graphics extensions (HO)
)
Package epstopdf-base Info: Redefining graphics rule for `.eps' on input line 4
38.
Package grfext Info: Graphics extension search list:
(grfext)             [.pdf,.png,.jpg,.mps,.jpeg,.jbig2,.jb2,.PDF,.PNG,.JPG,.JPE
G,.JBIG2,.JB2,.eps]
(grfext)             \AppendGraphicsExtensions on input line 456.

(c:/usr/texlive/2018/texmf-dist/tex/latex/latexconfig/epstopdf-sys.cfg
File: epstopdf-sys.cfg 2010/07/13 v1.3 Configuration of (r)epstopdf for TeX Liv
e
))
ABD: EveryShipout initializing macros (./graph.toc
LaTeX Font Info:    Try loading font information for U+msa on input line 1.

(c:/usr/texlive/2018/texmf-dist/tex/latex/amsfonts/umsa.fd
File: umsa.fd 2013/01/14 v3.01 AMS symbols A
)
LaTeX Font Info:    Try loading font information for U+msb on input line 1.

(c:/usr/texlive/2018/texmf-dist/tex/latex/amsfonts/umsb.fd
File: umsb.fd 2013/01/14 v3.01 AMS symbols B
)
LaTeX Font Info:    Try loading font information for U+stmry on input line 1.

(c:/usr/texlive/2018/texmf-dist/tex/latex/stmaryrd/Ustmry.fd)
LaTeX Font Info:    Try loading font information for U+esvect on input line 1.

(c:/usr/texlive/2018/texmf-dist/tex/latex/esvect/uesvect.fd
File: uesvect.fd 
)) [1

{c:/usr/texlive/2018/texmf-var/fonts/map/pdftex/updmap/pdftex.map}]
\openout2 = `section1.aux'.

 (./section1.tex
Package hyperref Info: bookmark level for unknown dfn defaults to 0 on input li
ne 5.
LaTeX Font Info:    Try loading font information for OMS+cmr on input line 7.

(c:/usr/texlive/2018/texmf-dist/tex/latex/base/omscmr.fd
File: omscmr.fd 2014/09/29 v2.5h Standard LaTeX font definitions
)
LaTeX Font Info:    Font shape `OMS/cmr/m/n' in size <10> not available
(Font)              Font shape `OMS/cmsy/m/n' tried instead on input line 7.

Overfull \hbox (6.0pt too wide) in paragraph at lines 25--25
[][] 
 []


Overfull \hbox (6.0pt too wide) in paragraph at lines 35--35
[][] 
 []


Overfull \hbox (6.0pt too wide) in paragraph at lines 56--56
[][] 
 []

[2

] [3]

Package amsmath Warning: Foreign command \atopwithdelims;
(amsmath)                \frac or \genfrac should be used instead
(amsmath)                 on input line 87.

[4]
Overfull \hbox (6.0pt too wide) in paragraph at lines 126--126
[][] 
 []

[5]
Overfull \hbox (6.0pt too wide) in paragraph at lines 134--134
[][] 
 []

Package hyperref Info: bookmark level for unknown theorem defaults to 0 on inpu
t line 137.
Package hyperref Info: bookmark level for unknown corollary defaults to 0 on in
put line 147.
[6]
Overfull \hbox (10.02254pt too wide) in paragraph at lines 168--170
[]$\OML/cmm/m/it/10 d\OT1/cmr/m/n/10 (\OML/cmm/m/it/10 i\OT1/cmr/m/n/10 ) = [] 
\OML/cmm/m/it/10 A\OT1/cmr/m/n/10 [\OML/cmm/m/it/10 v[]\OT1/cmr/m/n/10 ][\OML/c
mm/m/it/10 v[]\OT1/cmr/m/n/10 ] = [] \OML/cmm/m/it/10 A\OT1/cmr/m/n/10 [\OML/cm
m/m/it/10 v[]\OT1/cmr/m/n/10 ][\OML/cmm/m/it/10 v[]\OT1/cmr/m/n/10 ]$ \LUC/nanu
mmj/m/n/10/c7 t\LUC/nanummj/m/n/10/b2 [] \LUC/nanummj/m/n/10/b9 \LUC/nanummj/
m/n/10/cc ,\LUC/nanummj/m/n/10/ac ^^@\LUC/nanummj/m/n/10/c9 \LUC/nanummj/m/n/1
0/b8 \ \OT1/cmr/m/n/10 sim-ple graph \LUC/nanummj/m/n/10/c5 \LUC/nanummj/m/n/1
0/c1 ^^\ $\OML/cmm/m/it/10 A\OT1/cmr/m/n/10 [\OML/cmm/m/it/10 v[]\OT1/cmr/m/n/1
0 ][\OML/cmm/m/it/10 v[]\OT1/cmr/m/n/10 ]$
 []


Overfull \hbox (23.85759pt too wide) in paragraph at lines 176--177
\OT1/cmr/m/n/10 k-regular bi-par-tite graph \LUC/nanummj/m/n/10/c7 X \OT1/cmr/m
/n/10 bipartition($\OML/cmm/m/it/10 X$\OT1/cmr/m/n/10 ,$\OML/cmm/m/it/10 Y$\OT1
/cmr/m/n/10 ) \LUC/nanummj/m/n/10/c7 t $\OMS/cmsy/m/n/10 j\OML/cmm/m/it/10 X\OM
S/cmsy/m/n/10 j 6\OT1/cmr/m/n/10 = \OMS/cmsy/m/n/10 j\OML/cmm/m/it/10 Y\OMS/cms
y/m/n/10 j$ \LUC/nanummj/m/n/10/b7 | \LUC/nanummj/m/n/10/d5 X\LUC/nanummj/m/n/1
0/c7 [] $\OML/cmm/m/it/10 d\OT1/cmr/m/n/10 (\OML/cmm/m/it/10 v\OT1/cmr/m/n/10 
) = \OMS/cmsy/m/n/10 j\OML/cmm/m/it/10 Y\OMS/cmsy/m/n/10 j\OML/cmm/m/it/10 ;  d
\OT1/cmr/m/n/10 (\OML/cmm/m/it/10 u\OT1/cmr/m/n/10 ) =
 []

[7] [8]
Underfull \hbox (badness 4954) in paragraph at lines 233--235
[][] \LUC/nanummj/bx/n/10/c8 ^^U\LUC/nanummj/bx/n/10/c7 X \OT1/cmr/bx/n/10 1.6 
\OT1/cmr/m/n/10 (walk) []\LUC/nanummj/m/n/10/c2 ^^\\LUC/nanummj/m/n/10/cc (\LUC
/nanummj/m/n/10/c8 ^^A\LUC/nanummj/m/n/10/c7 <\LUC/nanummj/m/n/10/b8 \ \LUC/nan
ummj/m/n/10/c7 t\LUC/nanummj/m/n/10/c5 \LUC/nanummj/m/n/10/c9 \LUC/nanummj/m/
n/10/b2  \LUC/nanummj/m/n/10/c8 ^^U^^P\OT1/cmr/m/n/10 , \LUC/nanummj/m/n/10/ac
 ^^D\LUC/nanummj/m/n/10/c1  \LUC/nanummj/m/n/10/c7 X \LUC/nanummj/m/n/10/c5 \L
UC/nanummj/m/n/10/ac \LUC/nanummj/m/n/10/c7 D \OT1/cmr/m/n/10 walk \LUC/nanumm
j/m/n/10/b7 |\LUC/nanummj/m/n/10/d5 \\LUC/nanummj/m/n/10/b2 []
 []


Overfull \hbox (6.0pt too wide) in paragraph at lines 242--242
[][] 
 []

[9]
Underfull \hbox (badness 1028) in paragraph at lines 292--293
[][] \LUC/nanummj/bx/n/10/c8 ^^U\LUC/nanummj/bx/n/10/c7 X \OT1/cmr/bx/n/10 1.7 
\OT1/cmr/m/n/10 (cy-cle) []walk \LUC/nanummj/m/n/10/ac ^^@ \LUC/nanummj/m/n/10/
c5 \LUC/nanummj/m/n/10/c7 X \LUC/nanummj/m/n/10/ae 8\LUC/nanummj/m/n/10/c7 tt\
LUC/nanummj/m/n/10/ac  \LUC/nanummj/m/n/10/c2 \LUC/nanummj/m/n/10/c7 \LUC/na
nummj/m/n/10/c8 ^^P\LUC/nanummj/m/n/10/ac  \LUC/nanummj/m/n/10/b0 ]\LUC/nanumm
j/m/n/10/c8 ^^P\LUC/nanummj/m/n/10/c7 t \LUC/nanummj/m/n/10/ac ^^Y\LUC/nanummj/
m/n/10/c7 D\LUC/nanummj/m/n/10/b5 L \LUC/nanummj/m/n/10/b2 \LUC/nanummj/m/n/10
/d6 ^^@\LUC/nanummj/m/n/10/c7 \LUC/nanummj/m/n/10/b2 
 []


Overfull \hbox (6.0pt too wide) in paragraph at lines 295--295
[][] 
 []

[10] [11]
<simp.png, id=342, 703.87968pt x 295.1025pt>
File: simp.png Graphic file (type png)
<use simp.png>
Package pdftex.def Info: simp.png  used on input line 366.
(pdftex.def)             Requested size: 351.93898pt x 147.55087pt.

Overfull \hbox (10.93898pt too wide) in paragraph at lines 366--367
 [][] 
 []


LaTeX Warning: `!h' float specifier changed to `!ht'.

[12]
Overfull \hbox (16.27458pt too wide) in paragraph at lines 387--391
[]\LUC/nanummj/m/n/10/c7 t \LUC/nanummj/m/n/10/ad \LUC/nanummj/m/n/10/b7 \LUC
/nanummj/m/n/10/d5 ^^D\LUC/nanummj/m/n/10/c5 \LUC/nanummj/m/n/10/c1 ^^\ $\OML/
cmm/m/it/10 v[]$ \LUC/nanummj/m/n/10/b2  \LUC/nanummj/m/n/10/ba \LUC/nanummj/
m/n/10/bc 1\LUC/nanummj/m/n/10/d5 X\LUC/nanummj/m/n/10/ac  \LUC/nanummj/m/n/10
/cc (\LUC/nanummj/m/n/10/c2 ^^X\LUC/nanummj/m/n/10/ac ^^@ \LUC/nanummj/m/n/10/d
6 @\LUC/nanummj/m/n/10/c2 ^^X\LUC/nanummj/m/n/10/ac ^^R\LUC/nanummj/m/n/10/c7 D
 \LUC/nanummj/m/n/10/ac ^^@\LUC/nanummj/m/n/10/c9 \LUC/nanummj/m/n/10/b2 []\O
T1/cmr/m/n/10 (1.9.1) \LUC/nanummj/m/n/10/b5 0\LUC/nanummj/m/n/10/b7 |\LUC/nanu
mmj/m/n/10/c1 ^^\ $\OML/cmm/m/it/10 v[]; v[]; :::; v[]$
 []

) [13 <./simp.PNG>]
\openout2 = `section2.aux'.

 (./section2.tex
Overfull \hbox (6.0pt too wide) in paragraph at lines 9--9
[][] 
 []

[14


]
Overfull \hbox (6.0pt too wide) in paragraph at lines 80--80
[][] 
 []


Overfull \hbox (6.0pt too wide) in paragraph at lines 102--102
[][] 
 []

[15]
Overfull \hbox (6.0pt too wide) in paragraph at lines 143--143
[][] 
 []

LaTeX Font Info:    Font shape `OMS/cmr/m/it' in size <10> not available
(Font)              Font shape `OMS/cmsy/m/n' tried instead on input line 150.

Overfull \hbox (6.0pt too wide) in paragraph at lines 165--165
[][] 
 []

[16]
Overfull \hbox (6.0pt too wide) in paragraph at lines 211--211
[][] 
 []

[17]) [18]
\openout2 = `section3.aux'.

 (./section3.tex
Overfull \hbox (6.0pt too wide) in paragraph at lines 15--15
[][] 
 []


Overfull \hbox (6.0pt too wide) in paragraph at lines 25--25
[][] 
 []

) [19


]
\tf@toc=\write6
\openout6 = `graph.toc'.

Package atveryend Info: Empty hook `BeforeClearDocument' on input line 58.
Package atveryend Info: Empty hook `AfterLastShipout' on input line 58.
 (./graph.aux (./section1.aux) (./section2.aux) (./section3.aux))
Package atveryend Info: Executing hook `AtVeryEndDocument' on input line 58.
Package atveryend Info: Executing hook `AtEndAfterFileList' on input line 58.
Package rerunfilecheck Info: File `graph.out' has not changed.
(rerunfilecheck)             Checksum: 55AC5EC5B1F2BB4516981676E7C2155B;2648.
Package atveryend Info: Empty hook `AtVeryVeryEnd' on input line 58.
 ) 
Here is how much of TeX's memory you used:
 34739 strings out of 492649
 625031 string characters out of 6131493
 712153 words of memory out of 5000000
 37756 multiletter control sequences out of 15000+600000
 563301 words of font info for 144 fonts, out of 8000000 for 9000
 1141 hyphenation exceptions out of 8191
 69i,12n,86p,10413b,644s stack positions out of 5000i,500n,10000p,200000b,80000s
<c:/usr/texlive/2018/texmf-dist/fonts/type1/public/amsfonts/cm/cmbx10.pfb><c:
/usr/texlive/2018/texmf-dist/fonts/type1/public/amsfonts/cm/cmbx12.pfb><c:/usr/
texlive/2018/texmf-dist/fonts/type1/public/amsfonts/cm/cmex10.pfb><c:/usr/texli
ve/2018/texmf-dist/fonts/type1/public/amsfonts/cm/cmmi10.pfb><c:/usr/texlive/20
18/texmf-dist/fonts/type1/public/amsfonts/cm/cmmi6.pfb><c:/usr/texlive/2018/tex
mf-dist/fonts/type1/public/amsfonts/cm/cmmi7.pfb><c:/usr/texlive/2018/texmf-dis
t/fonts/type1/public/amsfonts/cm/cmmi8.pfb><c:/usr/texlive/2018/texmf-dist/font
s/type1/public/amsfonts/cm/cmr10.pfb><c:/usr/texlive/2018/texmf-dist/fonts/type
1/public/amsfonts/cm/cmr5.pfb><c:/usr/texlive/2018/texmf-dist/fonts/type1/publi
c/amsfonts/cm/cmr6.pfb><c:/usr/texlive/2018/texmf-dist/fonts/type1/public/amsfo
nts/cm/cmr7.pfb><c:/usr/texlive/2018/texmf-dist/fonts/type1/public/amsfonts/cm/
cmr8.pfb><c:/usr/texlive/2018/texmf-dist/fonts/type1/public/amsfonts/cm/cmsy10.
pfb><c:/usr/texlive/2018/texmf-dist/fonts/type1/public/amsfonts/cm/cmsy7.pfb><c
:/usr/texlive/2018/texmf-dist/fonts/type1/public/amsfonts/cm/cmti10.pfb><c:/usr
/texlive/2018/texmf-dist/fonts/type1/public/amsfonts/cm/cmti7.pfb><c:/usr/texli
ve/2018/texmf-dist/fonts/type1/public/nanumtype1/nanumgtmac.pfb><c:/usr/texlive
/2018/texmf-dist/fonts/type1/public/nanumtype1/nanumgtmad.pfb><c:/usr/texlive/2
018/texmf-dist/fonts/type1/public/nanumtype1/nanumgtmb0.pfb><c:/usr/texlive/201
8/texmf-dist/fonts/type1/public/nanumtype1/nanumgtmb2.pfb><c:/usr/texlive/2018/
texmf-dist/fonts/type1/public/nanumtype1/nanumgtmb3.pfb><c:/usr/texlive/2018/te
xmf-dist/fonts/type1/public/nanumtype1/nanumgtmb4.pfb><c:/usr/texlive/2018/texm
f-dist/fonts/type1/public/nanumtype1/nanumgtmb5.pfb><c:/usr/texlive/2018/texmf-
dist/fonts/type1/public/nanumtype1/nanumgtmb7.pfb><c:/usr/texlive/2018/texmf-di
st/fonts/type1/public/nanumtype1/nanumgtmb8.pfb><c:/usr/texlive/2018/texmf-dist
/fonts/type1/public/nanumtype1/nanumgtmb9.pfb><c:/usr/texlive/2018/texmf-dist/f
onts/type1/public/nanumtype1/nanumgtmba.pfb><c:/usr/texlive/2018/texmf-dist/fon
ts/type1/public/nanumtype1/nanumgtmbc.pfb><c:/usr/texlive/2018/texmf-dist/fonts
/type1/public/nanumtype1/nanumgtmbd.pfb><c:/usr/texlive/2018/texmf-dist/fonts/t
ype1/public/nanumtype1/nanumgtmc0.pfb><c:/usr/texlive/2018/texmf-dist/fonts/typ
e1/public/nanumtype1/nanumgtmc1.pfb><c:/usr/texlive/2018/texmf-dist/fonts/type1
/public/nanumtype1/nanumgtmc2.pfb><c:/usr/texlive/2018/texmf-dist/fonts/type1/p
ublic/nanumtype1/nanumgtmc5.pfb><c:/usr/texlive/2018/texmf-dist/fonts/type1/pub
lic/nanumtype1/nanumgtmc6.pfb><c:/usr/texlive/2018/texmf-dist/fonts/type1/publi
c/nanumtype1/nanumgtmc7.pfb><c:/usr/texlive/2018/texmf-dist/fonts/type1/public/
nanumtype1/nanumgtmc8.pfb><c:/usr/texlive/2018/texmf-dist/fonts/type1/public/na
numtype1/nanumgtmc9.pfb><c:/usr/texlive/2018/texmf-dist/fonts/type1/public/nanu
mtype1/nanumgtmca.pfb><c:/usr/texlive/2018/texmf-dist/fonts/type1/public/nanumt
ype1/nanumgtmcc.pfb><c:/usr/texlive/2018/texmf-dist/fonts/type1/public/nanumtyp
e1/nanumgtmcd.pfb><c:/usr/texlive/2018/texmf-dist/fonts/type1/public/nanumtype1
/nanumgtmd0.pfb><c:/usr/texlive/2018/texmf-dist/fonts/type1/public/nanumtype1/n
anumgtmd2.pfb><c:/usr/texlive/2018/texmf-dist/fonts/type1/public/nanumtype1/nan
umgtmd3.pfb><c:/usr/texlive/2018/texmf-dist/fonts/type1/public/nanumtype1/nanum
gtmd5.pfb><c:/usr/texlive/2018/texmf-dist/fonts/type1/public/nanumtype1/nanumgt
md6.pfb><c:/usr/texlive/2018/texmf-dist/fonts/type1/public/nanumtype1/nanumgtmd
7.pfb><c:/usr/texlive/2018/texmf-dist/fonts/type1/public/nanumtype1/nanummjbb8.
pfb><c:/usr/texlive/2018/texmf-dist/fonts/type1/public/nanumtype1/nanummjbc7.pf
b><c:/usr/texlive/2018/texmf-dist/fonts/type1/public/nanumtype1/nanummjbc8.pfb>
<c:/usr/texlive/2018/texmf-dist/fonts/type1/public/nanumtype1/nanummjbcc.pfb><c
:/usr/texlive/2018/texmf-dist/fonts/type1/public/nanumtype1/nanummjmac.pfb><c:/
usr/texlive/2018/texmf-dist/fonts/type1/public/nanumtype1/nanummjmad.pfb><c:/us
r/texlive/2018/texmf-dist/fonts/type1/public/nanumtype1/nanummjmae.pfb><c:/usr/
texlive/2018/texmf-dist/fonts/type1/public/nanumtype1/nanummjmaf.pfb><c:/usr/te
xlive/2018/texmf-dist/fonts/type1/public/nanumtype1/nanummjmb0.pfb><c:/usr/texl
ive/2018/texmf-dist/fonts/type1/public/nanumtype1/nanummjmb1.pfb><c:/usr/texliv
e/2018/texmf-dist/fonts/type1/public/nanumtype1/nanummjmb2.pfb><c:/usr/texlive/
2018/texmf-dist/fonts/type1/public/nanumtype1/nanummjmb3.pfb><c:/usr/texlive/20
18/texmf-dist/fonts/type1/public/nanumtype1/nanummjmb4.pfb><c:/usr/texlive/2018
/texmf-dist/fonts/type1/public/nanumtype1/nanummjmb5.pfb><c:/usr/texlive/2018/t
exmf-dist/fonts/type1/public/nanumtype1/nanummjmb6.pfb><c:/usr/texlive/2018/tex
mf-dist/fonts/type1/public/nanumtype1/nanummjmb7.pfb><c:/usr/texlive/2018/texmf
-dist/fonts/type1/public/nanumtype1/nanummjmb8.pfb><c:/usr/texlive/2018/texmf-d
ist/fonts/type1/public/nanumtype1/nanummjmb9.pfb><c:/usr/texlive/2018/texmf-dis
t/fonts/type1/public/nanumtype1/nanummjmba.pfb><c:/usr/texlive/2018/texmf-dist/
fonts/type1/public/nanumtype1/nanummjmbb.pfb><c:/usr/texlive/2018/texmf-dist/fo
nts/type1/public/nanumtype1/nanummjmbc.pfb><c:/usr/texlive/2018/texmf-dist/font
s/type1/public/nanumtype1/nanummjmbd.pfb><c:/usr/texlive/2018/texmf-dist/fonts/
type1/public/nanumtype1/nanummjmbe.pfb><c:/usr/texlive/2018/texmf-dist/fonts/ty
pe1/public/nanumtype1/nanummjmc0.pfb><c:/usr/texlive/2018/texmf-dist/fonts/type
1/public/nanumtype1/nanummjmc1.pfb><c:/usr/texlive/2018/texmf-dist/fonts/type1/
public/nanumtype1/nanummjmc2.pfb><c:/usr/texlive/2018/texmf-dist/fonts/type1/pu
blic/nanumtype1/nanummjmc3.pfb><c:/usr/texlive/2018/texmf-dist/fonts/type1/publ
ic/nanumtype1/nanummjmc4.pfb><c:/usr/texlive/2018/texmf-dist/fonts/type1/public
/nanumtype1/nanummjmc5.pfb><c:/usr/texlive/2018/texmf-dist/fonts/type1/public/n
anumtype1/nanummjmc6.pfb><c:/usr/texlive/2018/texmf-dist/fonts/type1/public/nan
umtype1/nanummjmc7.pfb><c:/usr/texlive/2018/texmf-dist/fonts/type1/public/nanum
type1/nanummjmc8.pfb><c:/usr/texlive/2018/texmf-dist/fonts/type1/public/nanumty
pe1/nanummjmc9.pfb><c:/usr/texlive/2018/texmf-dist/fonts/type1/public/nanumtype
1/nanummjmca.pfb><c:/usr/texlive/2018/texmf-dist/fonts/type1/public/nanumtype1/
nanummjmcc.pfb><c:/usr/texlive/2018/texmf-dist/fonts/type1/public/nanumtype1/na
nummjmcd.pfb><c:/usr/texlive/2018/texmf-dist/fonts/type1/public/nanumtype1/nanu
mmjmce.pfb><c:/usr/texlive/2018/texmf-dist/fonts/type1/public/nanumtype1/nanumm
jmd0.pfb><c:/usr/texlive/2018/texmf-dist/fonts/type1/public/nanumtype1/nanummjm
d1.pfb><c:/usr/texlive/2018/texmf-dist/fonts/type1/public/nanumtype1/nanummjmd2
.pfb><c:/usr/texlive/2018/texmf-dist/fonts/type1/public/nanumtype1/nanummjmd3.p
fb><c:/usr/texlive/2018/texmf-dist/fonts/type1/public/nanumtype1/nanummjmd4.pfb
><c:/usr/texlive/2018/texmf-dist/fonts/type1/public/nanumtype1/nanummjmd5.pfb><
c:/usr/texlive/2018/texmf-dist/fonts/type1/public/nanumtype1/nanummjmd6.pfb><c:
/usr/texlive/2018/texmf-dist/fonts/type1/public/nanumtype1/nanummjmd7.pfb>
Output written on graph.pdf (19 pages, 2919602 bytes).
PDF statistics:
 877 PDF objects out of 1000 (max. 8388607)
 624 compressed objects within 7 object streams
 184 named destinations out of 1000 (max. 500000)
 334 words of extra memory for PDF output out of 10000 (max. 10000000)

